2013-12-12 22:11:30.156 HelloMac[17954:e07] Could not connect the action OKButton: to target of class MainWindowController
2013-12-12 22:11:30.156 HelloMac[17954:e07] Could not connect the action CancelButton: to target of class MainWindowController
2013-12-12 22:11:30.156 HelloMac[17954:e07] Could not connect the action TextField: to target of class MainWindowController

Unhandled Exception:
System.ArgumentNullException: Argument cannot be null.
Parameter name: sender
at MonoMac.AppKit.NSApplication.Terminate (MonoMac.Foundation.NSObject) <IL 0x00016, 0x00073>
at HelloMac.MainWindowController.CancelHandleActivated (object,System.EventArgs) [0x00007] in /Users/silvian/Projects/XamarinProjects/HelloMac/HelloMac/MainWindowController.cs:68
at MonoMac.AppKit.ActionDispatcher.OnActivated (MonoMac.Foundation.NSObject) <IL 0x00015, 0x0005a>
at (wrapper dynamic-method) object.[MonoMac.AppKit.ActionDispatcher.Void OnActivated(MonoMac.Foundation.NSObject)] (MonoMac.Foundation.NSObject,MonoMac.ObjCRuntime.Selector,MonoMac.Foundation.NSObject) <IL 0x00011, 0x0005f>
at (wrapper native-to-managed) object.[MonoMac.AppKit.ActionDispatcher.Void OnActivated(MonoMac.Foundation.NSObject)] (MonoMac.Foundation.NSObject,MonoMac.ObjCRuntime.Selector,MonoMac.Foundation.NSObject) <IL 0x0006c, 0x0017f>
at (wrapper managed-to-native) MonoMac.AppKit.NSApplication.NSApplicationMain (int,string[]) <0x00003>
at MonoMac.AppKit.NSApplication.Main (string[]) <IL 0x00041, 0x00103>
at HelloMac.MainClass.Main (string[]) [0x00007] in /Users/silvian/Projects/XamarinProjects/HelloMac/HelloMac/Main.cs:14

[ERROR] FATAL UNHANDLED EXCEPTION: System.ArgumentNullException: Argument cannot be null.
Parameter name: sender
at MonoMac.AppKit.NSApplication.Terminate (MonoMac.Foundation.NSObject) <IL 0x00016, 0x00073>
at HelloMac.MainWindowController.CancelHandleActivated (object,System.EventArgs) [0x00007] in /Users/silvian/Projects/XamarinProjects/HelloMac/HelloMac/MainWindowController.cs:68
at MonoMac.AppKit.ActionDispatcher.OnActivated (MonoMac.Foundation.NSObject) <IL 0x00015, 0x0005a>
at (wrapper dynamic-method) object.[MonoMac.AppKit.ActionDispatcher.Void OnActivated(MonoMac.Foundation.NSObject)] (MonoMac.Foundation.NSObject,MonoMac.ObjCRuntime.Selector,MonoMac.Foundation.NSObject) <IL 0x00011, 0x0005f>
at (wrapper native-to-managed) object.[MonoMac.AppKit.ActionDispatcher.Void OnActivated(MonoMac.Foundation.NSObject)] (MonoMac.Foundation.NSObject,MonoMac.ObjCRuntime.Selector,MonoMac.Foundation.NSObject) <IL 0x0006c, 0x0017f>
at (wrapper managed-to-native) MonoMac.AppKit.NSApplication.NSApplicationMain (int,string[]) <0x00003>
at MonoMac.AppKit.NSApplication.Main (string[]) <IL 0x00041, 0x00103>
at HelloMac.MainClass.Main (string[]) [0x00007] in /Users/silvian/Projects/XamarinProjects/HelloMac/HelloMac/Main.cs:14

